<?xml version="1.0"?>
<!--Phoronix Test Suite v5.2.1 (Khanino)-->
<?xml-stylesheet type="text/xsl" href="pts-results-viewer.xsl"?>
<PhoronixTestSuite>
  <Generated>
    <Title>docker-john-the-ripper-blowfish</Title>
    <LastModified>2024-04-03 19:12:53</LastModified>
    <TestClient>Phoronix Test Suite v5.2.1 (Khanino)</TestClient>
    <Description>AMD EPYC 7452 32-Core testing on Ubuntu 18.04 via the Phoronix Test Suite.</Description>
    <PreSetEnvironmentVariables></PreSetEnvironmentVariables>
  </Generated>
  <System>
    <Identifier>DOCKER-JTR</Identifier>
    <Hardware>Processor: AMD EPYC 7452 32-Core @ 1.58GHz (64 Cores), Motherboard: Dell 04F3CJ, Memory: 129024MB, Disk: 16GB</Hardware>
    <Software>OS: Ubuntu 18.04, Kernel: 4.15.0-142-generic (x86_64), File-System: overlayfs, Screen Resolution: 1024x768</Software>
    <User>root</User>
    <TimeStamp>2024-04-03 19:12:53</TimeStamp>
    <TestClientVersion>5.2.1</TestClientVersion>
    <Notes></Notes>
    <JSON>{"compiler-configuration":"--build=x86_64-linux-gnu --disable-vtable-verify --disable-werror --enable-bootstrap --enable-checking=release --enable-clocale=gnu --enable-default-pie --enable-gnu-unique-object --enable-languages=c,ada,c++,go,brig,d,fortran,objc,obj-c++ --enable-libmpx --enable-libstdcxx-debug --enable-libstdcxx-time=yes --enable-multiarch --enable-multilib --enable-nls --enable-objc-gc=auto --enable-offload-targets=nvptx-none --enable-plugin --enable-shared --enable-threads=posix --host=x86_64-linux-gnu --program-prefix=x86_64-linux-gnu- --target=x86_64-linux-gnu --with-abi=m64 --with-arch-32=i686 --with-default-libstdcxx-abi=new --with-gcc-major-version-only --with-multilib-list=m32,m64,mx32 --with-target-system-zlib --with-tune=generic --without-cuda-driver -v"}</JSON>
  </System>
  <Result>
    <Identifier>pts/john-the-ripper-1.8.0</Identifier>
    <Title>John The Ripper</Title>
    <AppVersion>2023.03.14</AppVersion>
    <Arguments>--format=bcrypt</Arguments>
    <Description>Test: Blowfish</Description>
    <Scale>Real C/S</Scale>
    <Proportion>HIB</Proportion>
    <DisplayFormat>BAR_GRAPH</DisplayFormat>
    <Data>
      <Entry>
        <Identifier>DOCKER-JTR</Identifier>
        <Value>60819</Value>
        <RawString>60960:60806:60690</RawString>
        <JSON>{"compiler-options":{"compiler-type":"CC","compiler":"gcc","compiler-options":"-m64 -lssl -lcrypto -fopenmp -pthread -lm -lrt -ldl -lcrypt"}}</JSON>
      </Entry>
    </Data>
  </Result>
</PhoronixTestSuite>
